0 info it worked if it ends with ok
1 verbose cli [ 'C:\\Program Files\\nodejs\\node.exe',
1 verbose cli   'C:\\Program Files\\nodejs\\node_modules\\npm\\bin\\npm-cli.js',
1 verbose cli   'start' ]
2 info using npm@3.10.10
3 info using node@v6.9.4
4 verbose run-script [ 'prestart', 'start', 'poststart' ]
5 info lifecycle carpool@0.0.2~prestart: carpool@0.0.2
6 verbose lifecycle carpool@0.0.2~prestart: unsafe-perm in lifecycle true
7 verbose lifecycle carpool@0.0.2~prestart: PATH: C:\Program Files\nodejs\node_modules\npm\bin\node-gyp-bin;E:\carpool\app\node_modules\.bin;C:\ProgramData\Oracle\Java\javapath;C:\Windows\system32;C:\Windows;C:\Windows\System32\Wbem;C:\Windows\System32\WindowsPowerShell\v1.0\;C:\Program Files (x86)\NVIDIA Corporation\PhysX\Common;C:\Program Files\nodejs\;C:\Program Files\Microsoft SQL Server\120\Tools\Binn\;C:\Windows\system32\config\systemprofile\.dnx\bin;C:\Program Files\Microsoft DNX\Dnvm\;C:\Program Files\Microsoft SQL Server\130\Tools\Binn\;C:\Program Files (x86)\PuTTY\;C:\Program Files\TortoiseGit\bin;C:\Program Files\Intel\WiFi\bin\;C:\Program Files\Common Files\Intel\WirelessCommon\;C:\Program Files\Git\cmd;C:\Program Files (x86)\Skype\Phone\;C:\Users\SajeetharanS\AppData\Local\Microsoft\WindowsApps;;C:\Program Files (x86)\Microsoft VS Code\bin;C:\Users\SajeetharanS\AppData\Roaming\npm;C:\Program Files\Intel\WiFi\bin\;C:\Program Files\Common Files\Intel\WirelessCommon\
8 verbose lifecycle carpool@0.0.2~prestart: CWD: E:\carpool\app
9 silly lifecycle carpool@0.0.2~prestart: Args: [ '/d /s /c', 'npm run build' ]
10 silly lifecycle carpool@0.0.2~prestart: Returned: code: 0  signal: null
11 info lifecycle carpool@0.0.2~start: carpool@0.0.2
12 verbose lifecycle carpool@0.0.2~start: unsafe-perm in lifecycle true
13 verbose lifecycle carpool@0.0.2~start: PATH: C:\Program Files\nodejs\node_modules\npm\bin\node-gyp-bin;E:\carpool\app\node_modules\.bin;C:\ProgramData\Oracle\Java\javapath;C:\Windows\system32;C:\Windows;C:\Windows\System32\Wbem;C:\Windows\System32\WindowsPowerShell\v1.0\;C:\Program Files (x86)\NVIDIA Corporation\PhysX\Common;C:\Program Files\nodejs\;C:\Program Files\Microsoft SQL Server\120\Tools\Binn\;C:\Windows\system32\config\systemprofile\.dnx\bin;C:\Program Files\Microsoft DNX\Dnvm\;C:\Program Files\Microsoft SQL Server\130\Tools\Binn\;C:\Program Files (x86)\PuTTY\;C:\Program Files\TortoiseGit\bin;C:\Program Files\Intel\WiFi\bin\;C:\Program Files\Common Files\Intel\WirelessCommon\;C:\Program Files\Git\cmd;C:\Program Files (x86)\Skype\Phone\;C:\Users\SajeetharanS\AppData\Local\Microsoft\WindowsApps;;C:\Program Files (x86)\Microsoft VS Code\bin;C:\Users\SajeetharanS\AppData\Roaming\npm;C:\Program Files\Intel\WiFi\bin\;C:\Program Files\Common Files\Intel\WirelessCommon\
14 verbose lifecycle carpool@0.0.2~start: CWD: E:\carpool\app
15 silly lifecycle carpool@0.0.2~start: Args: [ '/d /s /c',
15 silly lifecycle   'concurrently "npm run build:watch" "npm run serve"' ]
16 silly lifecycle carpool@0.0.2~start: Returned: code: 3221225786  signal: null
17 info lifecycle carpool@0.0.2~start: Failed to exec start script
18 verbose stack Error: carpool@0.0.2 start: `concurrently "npm run build:watch" "npm run serve"`
18 verbose stack Exit status 3221225786
18 verbose stack     at EventEmitter.<anonymous> (C:\Program Files\nodejs\node_modules\npm\lib\utils\lifecycle.js:255:16)
18 verbose stack     at emitTwo (events.js:106:13)
18 verbose stack     at EventEmitter.emit (events.js:191:7)
18 verbose stack     at ChildProcess.<anonymous> (C:\Program Files\nodejs\node_modules\npm\lib\utils\spawn.js:40:14)
18 verbose stack     at emitTwo (events.js:106:13)
18 verbose stack     at ChildProcess.emit (events.js:191:7)
18 verbose stack     at maybeClose (internal/child_process.js:877:16)
18 verbose stack     at Process.ChildProcess._handle.onexit (internal/child_process.js:226:5)
19 verbose pkgid carpool@0.0.2
20 verbose cwd E:\carpool\app
21 error Windows_NT 10.0.14393
22 error argv "C:\\Program Files\\nodejs\\node.exe" "C:\\Program Files\\nodejs\\node_modules\\npm\\bin\\npm-cli.js" "start"
23 error node v6.9.4
24 error npm  v3.10.10
25 error code ELIFECYCLE
26 error carpool@0.0.2 start: `concurrently "npm run build:watch" "npm run serve"`
26 error Exit status 3221225786
27 error Failed at the carpool@0.0.2 start script 'concurrently "npm run build:watch" "npm run serve"'.
27 error Make sure you have the latest version of node.js and npm installed.
27 error If you do, this is most likely a problem with the carpool package,
27 error not with npm itself.
27 error Tell the author that this fails on your system:
27 error     concurrently "npm run build:watch" "npm run serve"
27 error You can get information on how to open an issue for this project with:
27 error     npm bugs carpool
27 error Or if that isn't available, you can get their info via:
27 error     npm owner ls carpool
27 error There is likely additional logging output above.
28 verbose exit [ 1, true ]
